<?xml version="1.0" encoding="UTF-8"?>
<testng-results ignored="1" total="2" passed="1" failed="0" skipped="0">
  <reporter-output>
  </reporter-output>
  <suite started-at="2022-10-10T08:22:29 IST" name="Default suite" finished-at="2022-10-10T08:22:31 IST" duration-ms="2044">
    <groups>
    </groups>
    <test started-at="2022-10-10T08:22:29 IST" name="Default test" finished-at="2022-10-10T08:22:31 IST" duration-ms="2044">
      <class name="Spotify.Spotify.Chapters">
        <test-method signature="Get_Chapter()[pri:0, instance:Spotify.Spotify.Chapters@78e117e3]" started-at="2022-10-10T08:22:29 IST" name="Get_Chapter" finished-at="2022-10-10T08:22:31 IST" duration-ms="2005" status="PASS">
          <reporter-output>
          </reporter-output>
        </test-method> <!-- Get_Chapter -->
      </class> <!-- Spotify.Spotify.Chapters -->
    </test> <!-- Default test -->
  </suite> <!-- Default suite -->
</testng-results>
