<?xml version="1.0" encoding="UTF-8"?>
<!-- Generated by org.testng.reporters.JUnitXMLReporter -->
<testsuite ignored="1" hostname="LAPTOP-DI90479L" failures="0" tests="1" name="Default test" time="2.044" errors="0" timestamp="2022-10-10T08:22:31 IST">
  <testcase classname="Spotify.Spotify.Chapters" name="Get_Chapter" time="2.005"/>
  <testcase classname="Spotify.Spotify.Chapters" name="Get_Several_Chapters" time="0.0">
    <ignored/>
  </testcase> <!-- Get_Several_Chapters -->
</testsuite> <!-- Default test -->
